<?xml version="1.0" encoding="UTF-8"?>
<!-- Generated by org.testng.reporters.JUnitReportReporter -->
<testsuite skipped="0" hostname="LAPTOP-NPF4LHAC" name="testScenarios.LoginTestScearios" tests="1" failures="0" timestamp="19 Jul 2017 05:04:50 GMT" time="13.887" errors="0">
  <testcase name="test2" time="13.887" classname="testScenarios.LoginTestScearios"/>
</testsuite> <!-- testScenarios.LoginTestScearios -->
